2023-07-13 01:20:44,560  ERROR:Login failed
2023-07-13 01:22:07,739  ERROR:Login failed
2023-07-13 01:24:12,941  ERROR:Login failed
2023-07-13 01:28:28,713  ERROR:Login failed
2023-07-13 01:31:04,348  ERROR:Login failed
2023-07-13 01:32:22,333  ERROR:Couldn't open website
2023-07-13 01:34:41,418  ERROR:Couldn't open website
2023-07-13 01:37:49,021  DEBUG:format 'I launch Chrome browser' -> 'I launch Chrome browser'
2023-07-13 01:37:49,022  DEBUG:format 'I visit amazon website' -> 'I visit amazon website'
2023-07-13 01:37:49,022  DEBUG:format 'Amazon homepage is opened successfully' -> 'Amazon homepage is opened successfully'
2023-07-13 01:37:49,022  DEBUG:format 'I am on the Amazon e-commerce site' -> 'I am on the Amazon e-commerce site'
2023-07-13 01:37:49,023  DEBUG:format 'I log in with valid phone number or email "{user}" and password "{pwd}"' -> 'I log in with valid phone number or email "(?P<user>.+?)" and password "(?P<pwd>.+?)"'
2023-07-13 01:37:49,023  DEBUG:format 'I should login successfully with "{username}"' -> 'I should login successfully with "(?P<username>.+?)"'
2023-07-13 01:37:49,023  DEBUG:format 'fetch price of the product' -> 'fetch price of the product'
2023-07-13 01:37:49,024  DEBUG:format 'fetch the description of product' -> 'fetch the description of product'
2023-07-13 01:37:49,024  DEBUG:format 'search for the "{product}"' -> 'search for the "(?P<product>.+?)"'
2023-07-13 01:37:49,024  DEBUG:format 'click on search button' -> 'click on search button'
2023-07-13 01:37:49,025  DEBUG:format 'find the third product' -> 'find the third product'
2023-07-13 01:37:49,026  DEBUG:format 'the user navigates to the reviews section' -> 'the user navigates to the reviews section'
2023-07-13 01:37:49,026  DEBUG:format 'the user should be able to view the reviews' -> 'the user should be able to view the reviews'
2023-07-13 01:37:52,921  ERROR:Login failed
2023-07-13 01:43:12,461  DEBUG:format 'I launch Chrome browser' -> 'I launch Chrome browser'
2023-07-13 01:43:12,462  DEBUG:format 'I visit amazon website' -> 'I visit amazon website'
2023-07-13 01:43:12,462  DEBUG:format 'Amazon homepage is opened successfully' -> 'Amazon homepage is opened successfully'
2023-07-13 01:43:12,463  DEBUG:format 'I am on the Amazon e-commerce site' -> 'I am on the Amazon e-commerce site'
2023-07-13 01:43:12,463  DEBUG:format 'I log in with valid phone number or email "{user}" and password "{pwd}"' -> 'I log in with valid phone number or email "(?P<user>.+?)" and password "(?P<pwd>.+?)"'
2023-07-13 01:43:12,463  DEBUG:format 'I should login successfully with "{username}"' -> 'I should login successfully with "(?P<username>.+?)"'
2023-07-13 01:43:12,464  DEBUG:format 'fetch price of the product' -> 'fetch price of the product'
2023-07-13 01:43:12,464  DEBUG:format 'fetch the description of product' -> 'fetch the description of product'
2023-07-13 01:43:12,465  DEBUG:format 'search for the "{product}"' -> 'search for the "(?P<product>.+?)"'
2023-07-13 01:43:12,465  DEBUG:format 'click on search button' -> 'click on search button'
2023-07-13 01:43:12,465  DEBUG:format 'find the third product' -> 'find the third product'
2023-07-13 01:43:12,467  DEBUG:format 'the user navigates to the reviews section' -> 'the user navigates to the reviews section'
2023-07-13 01:43:12,467  DEBUG:format 'the user should be able to view the reviews' -> 'the user should be able to view the reviews'
2023-07-14 23:02:18,041  DEBUG:format 'I launch Chrome browser' -> 'I launch Chrome browser'
2023-07-14 23:02:18,042  DEBUG:format 'I visit amazon website' -> 'I visit amazon website'
2023-07-14 23:02:18,042  DEBUG:format 'Amazon homepage is opened successfully' -> 'Amazon homepage is opened successfully'
2023-07-14 23:02:18,042  DEBUG:format 'I am on the Amazon e-commerce site' -> 'I am on the Amazon e-commerce site'
2023-07-14 23:02:18,043  DEBUG:format 'I log in with valid phone number or email "{user}" and password "{pwd}"' -> 'I log in with valid phone number or email "(?P<user>.+?)" and password "(?P<pwd>.+?)"'
2023-07-14 23:02:18,043  DEBUG:format 'I should login successfully with "{username}"' -> 'I should login successfully with "(?P<username>.+?)"'
2023-07-14 23:02:18,144  DEBUG:format 'fetch price of the product' -> 'fetch price of the product'
2023-07-14 23:02:18,144  DEBUG:format 'fetch the description of product' -> 'fetch the description of product'
2023-07-14 23:02:18,147  DEBUG:format 'search for the "{product}"' -> 'search for the "(?P<product>.+?)"'
2023-07-14 23:02:18,148  DEBUG:format 'click on search button' -> 'click on search button'
2023-07-14 23:02:18,148  DEBUG:format 'find the third product' -> 'find the third product'
2023-07-14 23:02:18,156  DEBUG:format 'the user navigates to the reviews section' -> 'the user navigates to the reviews section'
2023-07-14 23:02:18,157  DEBUG:format 'the user should be able to view the reviews' -> 'the user should be able to view the reviews'
2023-07-14 23:04:15,781  DEBUG:format 'I launch Chrome browser' -> 'I launch Chrome browser'
2023-07-14 23:04:15,781  DEBUG:format 'I visit amazon website' -> 'I visit amazon website'
2023-07-14 23:04:15,781  DEBUG:format 'Amazon homepage is opened successfully' -> 'Amazon homepage is opened successfully'
2023-07-14 23:04:15,782  DEBUG:format 'I am on the Amazon e-commerce site' -> 'I am on the Amazon e-commerce site'
2023-07-14 23:04:15,782  DEBUG:format 'I log in with valid phone number or email "{user}" and password "{pwd}"' -> 'I log in with valid phone number or email "(?P<user>.+?)" and password "(?P<pwd>.+?)"'
2023-07-14 23:04:15,782  DEBUG:format 'I should login successfully with "{username}"' -> 'I should login successfully with "(?P<username>.+?)"'
2023-07-14 23:04:15,783  DEBUG:format 'fetch price of the product' -> 'fetch price of the product'
2023-07-14 23:04:15,783  DEBUG:format 'fetch the description of product' -> 'fetch the description of product'
2023-07-14 23:04:15,784  DEBUG:format 'search for the "{product}"' -> 'search for the "(?P<product>.+?)"'
2023-07-14 23:04:15,784  DEBUG:format 'click on search button' -> 'click on search button'
2023-07-14 23:04:15,785  DEBUG:format 'find the third product' -> 'find the third product'
2023-07-14 23:04:15,786  DEBUG:format 'the user navigates to the reviews section' -> 'the user navigates to the reviews section'
2023-07-14 23:04:15,786  DEBUG:format 'the user should be able to view the reviews' -> 'the user should be able to view the reviews'
2023-07-14 23:04:26,258  ERROR:Logged in successfully!
2023-07-14 23:05:03,290  DEBUG:format 'I launch Chrome browser' -> 'I launch Chrome browser'
2023-07-14 23:05:03,291  DEBUG:format 'I visit amazon website' -> 'I visit amazon website'
2023-07-14 23:05:03,291  DEBUG:format 'Amazon homepage is opened successfully' -> 'Amazon homepage is opened successfully'
2023-07-14 23:05:03,291  DEBUG:format 'I am on the Amazon e-commerce site' -> 'I am on the Amazon e-commerce site'
2023-07-14 23:05:03,291  DEBUG:format 'I log in with valid phone number or email "{user}" and password "{pwd}"' -> 'I log in with valid phone number or email "(?P<user>.+?)" and password "(?P<pwd>.+?)"'
2023-07-14 23:05:03,292  DEBUG:format 'I should login successfully with "{username}"' -> 'I should login successfully with "(?P<username>.+?)"'
2023-07-14 23:05:03,293  DEBUG:format 'fetch price of the product' -> 'fetch price of the product'
2023-07-14 23:05:03,293  DEBUG:format 'fetch the description of product' -> 'fetch the description of product'
2023-07-14 23:05:03,294  DEBUG:format 'search for the "{product}"' -> 'search for the "(?P<product>.+?)"'
2023-07-14 23:05:03,295  DEBUG:format 'click on search button' -> 'click on search button'
2023-07-14 23:05:03,295  DEBUG:format 'find the third product' -> 'find the third product'
2023-07-14 23:05:03,298  DEBUG:format 'the user navigates to the reviews section' -> 'the user navigates to the reviews section'
2023-07-14 23:05:03,298  DEBUG:format 'the user should be able to view the reviews' -> 'the user should be able to view the reviews'
2023-07-14 23:05:55,595  DEBUG:format 'I launch Chrome browser' -> 'I launch Chrome browser'
2023-07-14 23:05:55,595  DEBUG:format 'I visit amazon website' -> 'I visit amazon website'
2023-07-14 23:05:55,595  DEBUG:format 'Amazon homepage is opened successfully' -> 'Amazon homepage is opened successfully'
2023-07-14 23:05:55,595  DEBUG:format 'I am on the Amazon e-commerce site' -> 'I am on the Amazon e-commerce site'
2023-07-14 23:05:55,596  DEBUG:format 'I log in with valid phone number or email "{user}" and password "{pwd}"' -> 'I log in with valid phone number or email "(?P<user>.+?)" and password "(?P<pwd>.+?)"'
2023-07-14 23:05:55,596  DEBUG:format 'I should login successfully with "{username}"' -> 'I should login successfully with "(?P<username>.+?)"'
2023-07-14 23:05:55,597  DEBUG:format 'fetch price of the product' -> 'fetch price of the product'
2023-07-14 23:05:55,597  DEBUG:format 'fetch the description of product' -> 'fetch the description of product'
2023-07-14 23:05:55,597  DEBUG:format 'search for the "{product}"' -> 'search for the "(?P<product>.+?)"'
2023-07-14 23:05:55,597  DEBUG:format 'click on search button' -> 'click on search button'
2023-07-14 23:05:55,598  DEBUG:format 'find the third product' -> 'find the third product'
2023-07-14 23:05:55,599  DEBUG:format 'the user navigates to the reviews section' -> 'the user navigates to the reviews section'
2023-07-14 23:05:55,600  DEBUG:format 'the user should be able to view the reviews' -> 'the user should be able to view the reviews'
2023-07-14 23:06:07,735  INFO:Logged in successfully!
2023-07-15 15:03:09,590  DEBUG:format 'I launch Chrome browser' -> 'I launch Chrome browser'
2023-07-15 15:03:09,606  DEBUG:format 'I visit amazon website' -> 'I visit amazon website'
2023-07-15 15:03:09,607  DEBUG:format 'Amazon homepage is opened successfully' -> 'Amazon homepage is opened successfully'
2023-07-15 15:03:09,607  DEBUG:format 'I log in with valid phone number or email "{user}" and password "{pwd}"' -> 'I log in with valid phone number or email "(?P<user>.+?)" and password "(?P<pwd>.+?)"'
2023-07-15 15:03:09,608  DEBUG:format 'I should login successfully with "{username}"' -> 'I should login successfully with "(?P<username>.+?)"'
2023-07-15 15:03:09,615  DEBUG:format 'fetch price of the product' -> 'fetch price of the product'
2023-07-15 15:03:09,616  DEBUG:format 'fetch the description of product' -> 'fetch the description of product'
2023-07-15 15:03:09,617  DEBUG:format 'search for the "{product}"' -> 'search for the "(?P<product>.+?)"'
2023-07-15 15:03:09,618  DEBUG:format 'click on search button' -> 'click on search button'
2023-07-15 15:03:09,618  DEBUG:format 'find the third product' -> 'find the third product'
2023-07-15 15:03:09,623  DEBUG:format 'the user navigates to the reviews section' -> 'the user navigates to the reviews section'
2023-07-15 15:03:09,624  DEBUG:format 'the user should be able to view the reviews' -> 'the user should be able to view the reviews'
2023-07-15 15:03:13,213  INFO:Browser launched
2023-07-15 15:03:15,487  INFO:Opened the website
2023-07-15 15:03:22,010  INFO:Logged in successfully!
2023-07-15 15:05:54,931  DEBUG:format 'I launch Chrome browser' -> 'I launch Chrome browser'
2023-07-15 15:05:54,932  DEBUG:format 'I visit amazon website' -> 'I visit amazon website'
2023-07-15 15:05:54,932  DEBUG:format 'Amazon homepage is opened successfully' -> 'Amazon homepage is opened successfully'
2023-07-15 15:05:54,933  DEBUG:format 'I log in with valid phone number or email "{user}" and password "{pwd}"' -> 'I log in with valid phone number or email "(?P<user>.+?)" and password "(?P<pwd>.+?)"'
2023-07-15 15:05:54,933  DEBUG:format 'I should login successfully with "{username}"' -> 'I should login successfully with "(?P<username>.+?)"'
2023-07-15 15:05:54,939  DEBUG:format 'fetch price of the product' -> 'fetch price of the product'
2023-07-15 15:05:54,940  DEBUG:format 'fetch the description of product' -> 'fetch the description of product'
2023-07-15 15:05:54,945  DEBUG:format 'search for the "{product}"' -> 'search for the "(?P<product>.+?)"'
2023-07-15 15:05:54,946  DEBUG:format 'click on search button' -> 'click on search button'
2023-07-15 15:05:54,947  DEBUG:format 'find the third product' -> 'find the third product'
2023-07-15 15:05:54,961  DEBUG:format 'the user navigates to the reviews section' -> 'the user navigates to the reviews section'
2023-07-15 15:05:54,962  DEBUG:format 'the user should be able to view the reviews' -> 'the user should be able to view the reviews'
2023-07-15 15:05:56,961  INFO:Browser launched
2023-07-15 15:05:59,277  INFO:Opened the website
2023-07-15 15:06:05,502  INFO:Logged in successfully!
2023-07-15 15:08:14,504  DEBUG:format 'I launch Chrome browser' -> 'I launch Chrome browser'
2023-07-15 15:08:14,504  DEBUG:format 'I visit amazon website' -> 'I visit amazon website'
2023-07-15 15:08:14,504  DEBUG:format 'Amazon homepage is opened successfully' -> 'Amazon homepage is opened successfully'
2023-07-15 15:08:14,504  DEBUG:format 'I log in with valid phone number or email "{user}" and password "{pwd}"' -> 'I log in with valid phone number or email "(?P<user>.+?)" and password "(?P<pwd>.+?)"'
2023-07-15 15:08:14,505  DEBUG:format 'I should login successfully with "{username}"' -> 'I should login successfully with "(?P<username>.+?)"'
2023-07-15 15:08:14,506  DEBUG:format 'fetch price of the product' -> 'fetch price of the product'
2023-07-15 15:08:14,506  DEBUG:format 'fetch the description of product' -> 'fetch the description of product'
2023-07-15 15:08:14,506  DEBUG:format 'search for the "{product}"' -> 'search for the "(?P<product>.+?)"'
2023-07-15 15:08:14,507  DEBUG:format 'click on search button' -> 'click on search button'
2023-07-15 15:08:14,507  DEBUG:format 'find the third product' -> 'find the third product'
2023-07-15 15:08:14,508  DEBUG:format 'the user navigates to the reviews section' -> 'the user navigates to the reviews section'
2023-07-15 15:08:14,509  DEBUG:format 'the user should be able to view the reviews' -> 'the user should be able to view the reviews'
2023-07-15 15:08:16,620  INFO:Browser launched
2023-07-15 15:08:18,824  INFO:Opened the website
2023-07-15 15:08:22,413  ERROR:Message: no such element: Unable to locate element: {"method":"css selector","selector":"[id="ap_password"]"}
  (Session info: chrome=114.0.5735.199); For documentation on this error, please visit: https://www.selenium.dev/documentation/webdriver/troubleshooting/errors#no-such-element-exception
Stacktrace:
Backtrace:
	GetHandleVerifier [0x0086A813+48355]
	(No symbol) [0x007FC4B1]
	(No symbol) [0x00705358]
	(No symbol) [0x007309A5]
	(No symbol) [0x00730B3B]
	(No symbol) [0x0075E232]
	(No symbol) [0x0074A784]
	(No symbol) [0x0075C922]
	(No symbol) [0x0074A536]
	(No symbol) [0x007282DC]
	(No symbol) [0x007293DD]
	GetHandleVerifier [0x00ACAABD+2539405]
	GetHandleVerifier [0x00B0A78F+2800735]
	GetHandleVerifier [0x00B0456C+2775612]
	GetHandleVerifier [0x008F51E0+616112]
	(No symbol) [0x00805F8C]
	(No symbol) [0x00802328]
	(No symbol) [0x0080240B]
	(No symbol) [0x007F4FF7]
	BaseThreadInitThunk [0x750A00C9+25]
	RtlGetAppContainerNamedObjectPath [0x76F37B1E+286]
	RtlGetAppContainerNamedObjectPath [0x76F37AEE+238]
 occurred in builtins
2023-07-15 15:08:24,255  INFO:Browser launched
2023-07-15 15:08:26,864  INFO:Opened the website
2023-07-15 15:08:33,017  INFO:Browser launched
2023-07-15 15:08:35,459  INFO:Opened the website
2023-07-15 15:08:42,595  ERROR:Login failed
2023-07-15 15:10:07,635  INFO:Browser launched
2023-07-15 15:10:10,362  INFO:Opened the website
2023-07-15 15:10:16,876  INFO:Logged in successfully!
2023-07-15 15:52:36,166  INFO:Browser launched
2023-07-15 15:52:38,602  INFO:Opened the website
2023-07-15 15:52:41,663  ERROR:Message: no such element: Unable to locate element: {"method":"css selector","selector":"[id="ap_password"]"}
  (Session info: chrome=114.0.5735.199); For documentation on this error, please visit: https://www.selenium.dev/documentation/webdriver/troubleshooting/errors#no-such-element-exception
Stacktrace:
Backtrace:
	GetHandleVerifier [0x0086A813+48355]
	(No symbol) [0x007FC4B1]
	(No symbol) [0x00705358]
	(No symbol) [0x007309A5]
	(No symbol) [0x00730B3B]
	(No symbol) [0x0075E232]
	(No symbol) [0x0074A784]
	(No symbol) [0x0075C922]
	(No symbol) [0x0074A536]
	(No symbol) [0x007282DC]
	(No symbol) [0x007293DD]
	GetHandleVerifier [0x00ACAABD+2539405]
	GetHandleVerifier [0x00B0A78F+2800735]
	GetHandleVerifier [0x00B0456C+2775612]
	GetHandleVerifier [0x008F51E0+616112]
	(No symbol) [0x00805F8C]
	(No symbol) [0x00802328]
	(No symbol) [0x0080240B]
	(No symbol) [0x007F4FF7]
	BaseThreadInitThunk [0x750A00C9+25]
	RtlGetAppContainerNamedObjectPath [0x76F37B1E+286]
	RtlGetAppContainerNamedObjectPath [0x76F37AEE+238]
 occurred in builtins
2023-07-15 15:52:41,681  INFO:Incorrect password
2023-07-15 15:52:41,682  ERROR:name is out of scope
2023-07-15 15:52:41,697  INFO:Couldn't locate search box
2023-07-15 15:52:41,711  INFO:Couldn't search for the product
2023-07-15 15:52:41,736  ERROR:Unable to open new tab
2023-07-15 15:52:43,673  INFO:Browser launched
2023-07-15 15:52:45,959  INFO:Opened the website
2023-07-15 15:52:51,383  INFO:Incorrect password
2023-07-15 15:52:51,383  ERROR:name is out of scope
2023-07-15 15:52:51,405  INFO:Couldn't locate search box
2023-07-15 15:52:51,426  INFO:Couldn't search for the product
2023-07-15 15:52:51,460  ERROR:Unable to open new tab
2023-07-15 15:52:53,624  INFO:Browser launched
2023-07-15 15:52:55,870  INFO:Opened the website
2023-07-15 15:53:02,910  ERROR:Login failed
2023-07-15 15:53:03,234  INFO:Located search box
2023-07-15 15:53:06,268  INFO:Clicked on search
2023-07-15 15:53:27,464  INFO:Displayed price
2023-07-15 15:53:37,626  INFO:Displayed product info
2023-07-15 15:53:54,024  INFO:Displayed offers
2023-07-15 15:54:06,041  INFO:Navigated to reviews section
2023-07-15 15:54:16,848  INFO:Displayed reviews
2023-07-15 15:54:16,849  INFO:Test completed
2023-07-15 15:54:25,456  INFO:Browser launched
2023-07-15 15:54:27,688  INFO:Opened the website
2023-07-15 15:54:34,430  INFO:Logged in successfully!
2023-07-15 15:54:34,770  INFO:Located search box
2023-07-15 15:54:37,999  INFO:Clicked on search
2023-07-15 15:54:57,303  INFO:Displayed price
2023-07-15 15:55:07,578  INFO:Displayed product info
2023-07-15 22:15:35,674  INFO:Browser launched
2023-07-15 22:15:38,121  INFO:Opened the website
2023-07-15 22:15:40,099  ERROR:Message: no such element: Unable to locate element: {"method":"css selector","selector":"[id="ap_password"]"}
  (Session info: chrome=114.0.5735.199); For documentation on this error, please visit: https://www.selenium.dev/documentation/webdriver/troubleshooting/errors#no-such-element-exception
Stacktrace:
Backtrace:
	GetHandleVerifier [0x00D9A813+48355]
	(No symbol) [0x00D2C4B1]
	(No symbol) [0x00C35358]
	(No symbol) [0x00C609A5]
	(No symbol) [0x00C60B3B]
	(No symbol) [0x00C8E232]
	(No symbol) [0x00C7A784]
	(No symbol) [0x00C8C922]
	(No symbol) [0x00C7A536]
	(No symbol) [0x00C582DC]
	(No symbol) [0x00C593DD]
	GetHandleVerifier [0x00FFAABD+2539405]
	GetHandleVerifier [0x0103A78F+2800735]
	GetHandleVerifier [0x0103456C+2775612]
	GetHandleVerifier [0x00E251E0+616112]
	(No symbol) [0x00D35F8C]
	(No symbol) [0x00D32328]
	(No symbol) [0x00D3240B]
	(No symbol) [0x00D24FF7]
	BaseThreadInitThunk [0x750A00C9+25]
	RtlGetAppContainerNamedObjectPath [0x76F37B1E+286]
	RtlGetAppContainerNamedObjectPath [0x76F37AEE+238]
 occurred in builtins
2023-07-15 22:15:40,110  INFO:Incorrect password
2023-07-15 22:15:40,126  INFO:Test completed
2023-07-15 22:15:40,127  INFO:Generating allure report
2023-07-15 22:27:33,272  INFO:Browser launched
2023-07-15 22:27:35,480  INFO:Opened the website
2023-07-15 22:27:37,479  ERROR:Message: no such element: Unable to locate element: {"method":"css selector","selector":"[id="ap_password"]"}
  (Session info: chrome=114.0.5735.199); For documentation on this error, please visit: https://www.selenium.dev/documentation/webdriver/troubleshooting/errors#no-such-element-exception
Stacktrace:
Backtrace:
	GetHandleVerifier [0x0037A813+48355]
	(No symbol) [0x0030C4B1]
	(No symbol) [0x00215358]
	(No symbol) [0x002409A5]
	(No symbol) [0x00240B3B]
	(No symbol) [0x0026E232]
	(No symbol) [0x0025A784]
	(No symbol) [0x0026C922]
	(No symbol) [0x0025A536]
	(No symbol) [0x002382DC]
	(No symbol) [0x002393DD]
	GetHandleVerifier [0x005DAABD+2539405]
	GetHandleVerifier [0x0061A78F+2800735]
	GetHandleVerifier [0x0061456C+2775612]
	GetHandleVerifier [0x004051E0+616112]
	(No symbol) [0x00315F8C]
	(No symbol) [0x00312328]
	(No symbol) [0x0031240B]
	(No symbol) [0x00304FF7]
	BaseThreadInitThunk [0x750A00C9+25]
	RtlGetAppContainerNamedObjectPath [0x76F37B1E+286]
	RtlGetAppContainerNamedObjectPath [0x76F37AEE+238]
 occurred in builtins
2023-07-15 22:27:37,490  INFO:Incorrect password
2023-07-15 22:27:37,497  INFO:Test completed
2023-07-15 22:27:38,935  INFO:Generating allure report
2023-07-15 22:46:13,162  INFO:Browser launched
2023-07-15 22:46:15,887  INFO:Opened the website
2023-07-15 22:46:17,843  ERROR:Message: no such element: Unable to locate element: {"method":"css selector","selector":"[id="ap_password"]"}
  (Session info: chrome=114.0.5735.199); For documentation on this error, please visit: https://www.selenium.dev/documentation/webdriver/troubleshooting/errors#no-such-element-exception
Stacktrace:
Backtrace:
	GetHandleVerifier [0x007EA813+48355]
	(No symbol) [0x0077C4B1]
	(No symbol) [0x00685358]
	(No symbol) [0x006B09A5]
	(No symbol) [0x006B0B3B]
	(No symbol) [0x006DE232]
	(No symbol) [0x006CA784]
	(No symbol) [0x006DC922]
	(No symbol) [0x006CA536]
	(No symbol) [0x006A82DC]
	(No symbol) [0x006A93DD]
	GetHandleVerifier [0x00A4AABD+2539405]
	GetHandleVerifier [0x00A8A78F+2800735]
	GetHandleVerifier [0x00A8456C+2775612]
	GetHandleVerifier [0x008751E0+616112]
	(No symbol) [0x00785F8C]
	(No symbol) [0x00782328]
	(No symbol) [0x0078240B]
	(No symbol) [0x00774FF7]
	BaseThreadInitThunk [0x750A00C9+25]
	RtlGetAppContainerNamedObjectPath [0x76F37B1E+286]
	RtlGetAppContainerNamedObjectPath [0x76F37AEE+238]
 occurred in builtins
2023-07-15 22:46:17,857  INFO:Incorrect password
2023-07-15 22:46:17,982  INFO:Test completed
2023-07-15 22:46:19,484  INFO:Generating allure report
2023-07-15 22:47:39,721  INFO:Browser launched
2023-07-15 22:47:42,229  INFO:Opened the website
2023-07-15 22:47:44,265  ERROR:Message: no such element: Unable to locate element: {"method":"css selector","selector":"[id="ap_password"]"}
  (Session info: chrome=114.0.5735.199); For documentation on this error, please visit: https://www.selenium.dev/documentation/webdriver/troubleshooting/errors#no-such-element-exception
Stacktrace:
Backtrace:
	GetHandleVerifier [0x007EA813+48355]
	(No symbol) [0x0077C4B1]
	(No symbol) [0x00685358]
	(No symbol) [0x006B09A5]
	(No symbol) [0x006B0B3B]
	(No symbol) [0x006DE232]
	(No symbol) [0x006CA784]
	(No symbol) [0x006DC922]
	(No symbol) [0x006CA536]
	(No symbol) [0x006A82DC]
	(No symbol) [0x006A93DD]
	GetHandleVerifier [0x00A4AABD+2539405]
	GetHandleVerifier [0x00A8A78F+2800735]
	GetHandleVerifier [0x00A8456C+2775612]
	GetHandleVerifier [0x008751E0+616112]
	(No symbol) [0x00785F8C]
	(No symbol) [0x00782328]
	(No symbol) [0x0078240B]
	(No symbol) [0x00774FF7]
	BaseThreadInitThunk [0x750A00C9+25]
	RtlGetAppContainerNamedObjectPath [0x76F37B1E+286]
	RtlGetAppContainerNamedObjectPath [0x76F37AEE+238]
 occurred in builtins
2023-07-15 22:47:44,276  INFO:Incorrect password
2023-07-15 22:47:44,383  INFO:Test completed
2023-07-15 22:47:45,849  INFO:Generating allure report
2023-07-15 22:51:04,521  INFO:Browser launched
2023-07-15 22:51:06,800  INFO:Opened the website
2023-07-15 22:51:08,555  ERROR:Message: no such element: Unable to locate element: {"method":"css selector","selector":"[id="ap_password"]"}
  (Session info: chrome=114.0.5735.199); For documentation on this error, please visit: https://www.selenium.dev/documentation/webdriver/troubleshooting/errors#no-such-element-exception
Stacktrace:
Backtrace:
	GetHandleVerifier [0x007EA813+48355]
	(No symbol) [0x0077C4B1]
	(No symbol) [0x00685358]
	(No symbol) [0x006B09A5]
	(No symbol) [0x006B0B3B]
	(No symbol) [0x006DE232]
	(No symbol) [0x006CA784]
	(No symbol) [0x006DC922]
	(No symbol) [0x006CA536]
	(No symbol) [0x006A82DC]
	(No symbol) [0x006A93DD]
	GetHandleVerifier [0x00A4AABD+2539405]
	GetHandleVerifier [0x00A8A78F+2800735]
	GetHandleVerifier [0x00A8456C+2775612]
	GetHandleVerifier [0x008751E0+616112]
	(No symbol) [0x00785F8C]
	(No symbol) [0x00782328]
	(No symbol) [0x0078240B]
	(No symbol) [0x00774FF7]
	BaseThreadInitThunk [0x750A00C9+25]
	RtlGetAppContainerNamedObjectPath [0x76F37B1E+286]
	RtlGetAppContainerNamedObjectPath [0x76F37AEE+238]
 occurred in builtins
2023-07-15 22:51:08,573  INFO:Incorrect password
2023-07-15 22:51:08,681  INFO:Test completed
2023-07-15 22:51:10,186  INFO:Generating allure report
2023-07-16 12:00:41,931  INFO:Browser launched
2023-07-16 12:00:44,380  INFO:Opened the website
2023-07-16 12:00:47,961  INFO:Entered number
2023-07-16 12:00:48,012  ERROR:Message: no such element: Unable to locate element: {"method":"css selector","selector":"[id="ap_password"]"}
  (Session info: chrome=114.0.5735.199); For documentation on this error, please visit: https://www.selenium.dev/documentation/webdriver/troubleshooting/errors#no-such-element-exception
Stacktrace:
Backtrace:
	GetHandleVerifier [0x00C6A813+48355]
	(No symbol) [0x00BFC4B1]
	(No symbol) [0x00B05358]
	(No symbol) [0x00B309A5]
	(No symbol) [0x00B30B3B]
	(No symbol) [0x00B5E232]
	(No symbol) [0x00B4A784]
	(No symbol) [0x00B5C922]
	(No symbol) [0x00B4A536]
	(No symbol) [0x00B282DC]
	(No symbol) [0x00B293DD]
	GetHandleVerifier [0x00ECAABD+2539405]
	GetHandleVerifier [0x00F0A78F+2800735]
	GetHandleVerifier [0x00F0456C+2775612]
	GetHandleVerifier [0x00CF51E0+616112]
	(No symbol) [0x00C05F8C]
	(No symbol) [0x00C02328]
	(No symbol) [0x00C0240B]
	(No symbol) [0x00BF4FF7]
	BaseThreadInitThunk [0x750A00C9+25]
	RtlGetAppContainerNamedObjectPath [0x76F37B1E+286]
	RtlGetAppContainerNamedObjectPath [0x76F37AEE+238]
 occurred in builtins
2023-07-16 12:00:48,026  INFO:Incorrect password
2023-07-16 12:00:49,629  INFO:Browser launched
2023-07-16 12:00:51,931  INFO:Opened the website
2023-07-16 12:00:54,203  INFO:Entered number
2023-07-16 12:00:54,299  INFO:Incorrect mobile nume/e-mail ID
2023-07-16 12:00:54,300  ERROR:Login failed occurred in builtins
2023-07-16 12:00:54,313  INFO:Incorrect password
2023-07-16 12:00:54,320  INFO:Test completed
2023-07-16 12:00:56,256  INFO:Generating allure report
2023-07-16 12:01:51,367  INFO:Browser launched
2023-07-16 12:01:54,382  INFO:Opened the website
2023-07-16 12:01:56,550  INFO:Entered number
2023-07-16 12:01:56,620  ERROR:Message: no such element: Unable to locate element: {"method":"css selector","selector":"[id="ap_password"]"}
  (Session info: chrome=114.0.5735.199); For documentation on this error, please visit: https://www.selenium.dev/documentation/webdriver/troubleshooting/errors#no-such-element-exception
Stacktrace:
Backtrace:
	GetHandleVerifier [0x00C6A813+48355]
	(No symbol) [0x00BFC4B1]
	(No symbol) [0x00B05358]
	(No symbol) [0x00B309A5]
	(No symbol) [0x00B30B3B]
	(No symbol) [0x00B5E232]
	(No symbol) [0x00B4A784]
	(No symbol) [0x00B5C922]
	(No symbol) [0x00B4A536]
	(No symbol) [0x00B282DC]
	(No symbol) [0x00B293DD]
	GetHandleVerifier [0x00ECAABD+2539405]
	GetHandleVerifier [0x00F0A78F+2800735]
	GetHandleVerifier [0x00F0456C+2775612]
	GetHandleVerifier [0x00CF51E0+616112]
	(No symbol) [0x00C05F8C]
	(No symbol) [0x00C02328]
	(No symbol) [0x00C0240B]
	(No symbol) [0x00BF4FF7]
	BaseThreadInitThunk [0x750A00C9+25]
	RtlGetAppContainerNamedObjectPath [0x76F37B1E+286]
	RtlGetAppContainerNamedObjectPath [0x76F37AEE+238]
 occurred in builtins
2023-07-16 12:01:56,631  INFO:Incorrect password
2023-07-16 12:01:58,539  INFO:Browser launched
2023-07-16 12:02:01,422  INFO:Opened the website
2023-07-16 12:02:03,858  INFO:Entered number
2023-07-16 12:02:03,936  INFO:Incorrect mobile nume/e-mail ID
2023-07-16 12:02:03,937  ERROR:Login failed occurred in builtins
2023-07-16 12:02:03,948  INFO:Incorrect password
2023-07-16 12:02:03,953  INFO:Test completed
2023-07-16 12:02:05,757  INFO:Generating allure report
2023-07-16 12:41:14,209  INFO:Browser launched
2023-07-16 12:41:16,479  INFO:Opened the website
2023-07-16 12:41:18,470  INFO:Entered number
2023-07-16 12:41:18,535  ERROR:Message: no such element: Unable to locate element: {"method":"css selector","selector":"[id="ap_password"]"}
  (Session info: chrome=114.0.5735.199); For documentation on this error, please visit: https://www.selenium.dev/documentation/webdriver/troubleshooting/errors#no-such-element-exception
Stacktrace:
Backtrace:
	GetHandleVerifier [0x00C6A813+48355]
	(No symbol) [0x00BFC4B1]
	(No symbol) [0x00B05358]
	(No symbol) [0x00B309A5]
	(No symbol) [0x00B30B3B]
	(No symbol) [0x00B5E232]
	(No symbol) [0x00B4A784]
	(No symbol) [0x00B5C922]
	(No symbol) [0x00B4A536]
	(No symbol) [0x00B282DC]
	(No symbol) [0x00B293DD]
	GetHandleVerifier [0x00ECAABD+2539405]
	GetHandleVerifier [0x00F0A78F+2800735]
	GetHandleVerifier [0x00F0456C+2775612]
	GetHandleVerifier [0x00CF51E0+616112]
	(No symbol) [0x00C05F8C]
	(No symbol) [0x00C02328]
	(No symbol) [0x00C0240B]
	(No symbol) [0x00BF4FF7]
	BaseThreadInitThunk [0x750A00C9+25]
	RtlGetAppContainerNamedObjectPath [0x76F37B1E+286]
	RtlGetAppContainerNamedObjectPath [0x76F37AEE+238]
 occurred in builtins
2023-07-16 12:41:20,125  INFO:Browser launched
2023-07-16 12:41:22,329  INFO:Opened the website
2023-07-16 12:41:25,621  INFO:Entered number
2023-07-16 12:41:26,108  INFO:Incorrect mobile number/e-mail ID
2023-07-16 12:41:26,109  ERROR:Login failed occurred in builtins
2023-07-16 12:44:19,561  INFO:Browser launched
2023-07-16 12:44:21,821  INFO:Opened the website
2023-07-16 12:44:23,472  INFO:Entered number
2023-07-16 12:44:23,531  INFO:Incorrect mobile number/e-mail ID
2023-07-16 12:44:23,543  ERROR:Message: no such element: Unable to locate element: {"method":"css selector","selector":"[id="ap_password"]"}
  (Session info: chrome=114.0.5735.199); For documentation on this error, please visit: https://www.selenium.dev/documentation/webdriver/troubleshooting/errors#no-such-element-exception
Stacktrace:
Backtrace:
	GetHandleVerifier [0x00C6A813+48355]
	(No symbol) [0x00BFC4B1]
	(No symbol) [0x00B05358]
	(No symbol) [0x00B309A5]
	(No symbol) [0x00B30B3B]
	(No symbol) [0x00B5E232]
	(No symbol) [0x00B4A784]
	(No symbol) [0x00B5C922]
	(No symbol) [0x00B4A536]
	(No symbol) [0x00B282DC]
	(No symbol) [0x00B293DD]
	GetHandleVerifier [0x00ECAABD+2539405]
	GetHandleVerifier [0x00F0A78F+2800735]
	GetHandleVerifier [0x00F0456C+2775612]
	GetHandleVerifier [0x00CF51E0+616112]
	(No symbol) [0x00C05F8C]
	(No symbol) [0x00C02328]
	(No symbol) [0x00C0240B]
	(No symbol) [0x00BF4FF7]
	BaseThreadInitThunk [0x750A00C9+25]
	RtlGetAppContainerNamedObjectPath [0x76F37B1E+286]
	RtlGetAppContainerNamedObjectPath [0x76F37AEE+238]
 occurred in builtins
2023-07-16 12:44:25,188  INFO:Browser launched
2023-07-16 12:44:27,236  INFO:Opened the website
2023-07-16 12:44:29,029  INFO:Entered number
2023-07-16 12:44:29,135  ERROR:Login failed occurred in builtins
2023-08-03 15:12:18,823  INFO:Browser launched
2023-08-03 15:12:22,465  INFO:Opened the website
2023-08-03 15:12:40,162  INFO:Logged in successfully!
2023-08-03 15:12:40,348  INFO:Searched for the product
2023-08-03 15:12:44,103  INFO:Clicked on search button
2023-08-03 15:12:47,235  ERROR:Error occurred
2023-08-03 15:12:52,702  INFO:Opened the product on a new tab
2023-08-03 15:13:08,870  INFO:Located price.
2023-08-03 15:13:08,917  INFO:Fetched product description
2023-08-03 15:13:19,117  INFO:Added product to cart
2023-08-03 15:13:34,607  INFO:Displayed offers
2023-08-03 15:13:34,615  INFO:Navigated to review section
2023-08-03 15:13:41,460  INFO:Opened reviews page
2023-08-03 15:13:59,077  INFO:E-mail sent!
2023-08-03 16:52:35,547  INFO:Browser launched
2023-08-03 16:52:51,909  INFO:Opened the website
2023-08-03 16:53:16,060  INFO:Incorrect password
2023-08-03 16:53:20,617  INFO:Browser launched
2023-08-03 16:54:57,001  INFO:Opened the website
2023-08-03 16:55:21,313  INFO:Incorrect password
2023-08-03 16:55:24,528  INFO:Browser launched
2023-08-03 16:57:02,418  INFO:Opened the website
2023-08-03 16:57:34,457  INFO:Browser launched
2023-08-03 16:58:48,968  INFO:Opened the website
2023-08-03 17:00:14,922  INFO:Logged in successfully!
2023-08-03 17:00:15,194  INFO:Searched for the product
2023-08-03 17:00:19,992  INFO:Clicked on search button
2023-08-03 17:00:24,525  INFO:Product not found
2023-08-03 17:00:25,171  INFO:Couldn't locate the product
2023-08-03 17:00:30,191  ERROR:Couldn't open new tab
2023-08-03 17:00:35,508  INFO:Browser launched
2023-08-03 17:00:49,162  INFO:Opened the website
2023-08-03 17:01:08,887  INFO:Logged in successfully!
2023-08-03 17:01:09,077  INFO:Searched for the product
2023-08-03 17:01:15,469  INFO:Clicked on search button
2023-08-03 17:01:18,593  ERROR:Error occurred
2023-08-03 17:01:23,852  INFO:Opened the product on a new tab
2023-08-03 17:02:58,204  INFO:Located price.
2023-08-03 17:02:58,257  INFO:Fetched product description
2023-08-03 17:03:08,618  INFO:Added product to cart
2023-08-03 17:03:24,254  INFO:Displayed offers
2023-08-03 17:03:24,263  INFO:Navigated to review section
2023-08-03 17:03:36,451  INFO:Opened reviews page
2023-08-03 17:03:52,977  INFO:E-mail sent!
2023-08-05 10:43:36,505  WARNING:Error getting version of chromedriver 115. Retrying with chromedriver 114 (attempt 1/5)
2023-08-05 10:43:39,235  INFO:Browser launched
2023-08-05 10:44:02,837  INFO:Opened the website
2023-08-05 10:44:22,385  INFO:Incorrect password
2023-08-05 10:44:26,280  INFO:Browser launched
2023-08-05 10:44:32,585  INFO:Opened the website
2023-08-05 10:44:52,196  INFO:Incorrect password
2023-08-05 10:44:55,418  INFO:Browser launched
2023-08-05 10:45:03,050  INFO:Opened the website
2023-08-05 10:45:23,627  ERROR:Username validation failed.
2023-08-05 10:45:32,017  INFO:Browser launched
2023-08-05 10:45:36,218  INFO:Opened the website
2023-08-05 10:45:54,369  INFO:Logged in successfully!
2023-08-05 10:45:54,531  INFO:Searched for the product
2023-08-05 10:45:56,612  INFO:Clicked on search button
2023-08-05 10:46:04,368  INFO:Product not found
2023-08-05 10:46:07,061  INFO:Couldn't locate the product
2023-08-05 10:46:12,131  ERROR:Couldn't open new tab
2023-08-05 10:46:17,058  INFO:Browser launched
2023-08-05 10:46:22,099  INFO:Opened the website
2023-08-05 10:46:40,857  INFO:Logged in successfully!
2023-08-05 10:46:41,039  INFO:Searched for the product
2023-08-05 10:46:50,201  INFO:Clicked on search button
2023-08-05 10:46:53,360  ERROR:Error occurred
2023-08-05 10:47:01,004  INFO:Opened the product on a new tab
2023-08-05 10:47:16,119  INFO:Couldn't get availability details
2023-08-05 10:47:16,255  INFO:Fetched product description
2023-08-05 10:47:26,571  INFO:Added product to cart
2023-08-05 10:47:42,215  INFO:Displayed offers
2023-08-05 10:47:42,225  INFO:Navigated to review section
2023-08-05 10:47:48,969  INFO:Opened reviews page
2023-08-05 10:48:00,636  INFO:E-mail sent!
2023-08-05 22:31:13,773  INFO:Browser launched
2023-08-05 22:31:20,922  INFO:Opened the website
2023-08-05 22:31:24,669  INFO:Incorrect mobile number/e-mail ID
2023-08-05 22:31:27,822  INFO:Browser launched
2023-08-05 22:31:30,758  INFO:Opened the website
2023-08-05 22:31:49,504  INFO:Incorrect password
2023-08-05 22:31:52,095  INFO:Browser launched
2023-08-05 22:31:56,017  INFO:Opened the website
2023-08-05 22:32:17,225  ERROR:Username validation failed.
2023-08-05 22:32:25,335  INFO:Browser launched
2023-08-05 22:32:28,536  INFO:Opened the website
2023-08-05 22:32:48,108  INFO:Logged in successfully!
2023-08-05 22:32:48,709  INFO:Searched for the product
2023-08-05 22:32:51,139  INFO:Clicked on search button
2023-08-05 22:32:55,128  INFO:Product not found
2023-08-05 22:32:55,790  INFO:Couldn't locate the product
2023-08-05 22:33:00,794  ERROR:Couldn't open new tab
2023-08-05 22:33:05,499  INFO:Browser launched
2023-08-05 22:33:09,197  INFO:Opened the website
2023-08-05 22:33:29,500  INFO:Logged in successfully!
2023-08-05 22:33:29,697  INFO:Searched for the product
2023-08-05 22:33:34,900  INFO:Clicked on search button
2023-08-05 22:33:38,041  ERROR:Error occurred
2023-08-05 22:33:43,792  INFO:Opened the product on a new tab
2023-08-05 22:34:06,676  INFO:Located price.
2023-08-05 22:34:06,753  INFO:Fetched product description
2023-08-05 22:34:17,037  INFO:Added product to cart
2023-08-05 22:34:33,004  INFO:Displayed offers
2023-08-05 22:34:33,035  INFO:Navigated to review section
2023-08-05 22:34:40,030  INFO:Opened reviews page
2023-08-05 22:34:55,252  INFO:E-mail sent!
2023-08-06 13:35:18,013  INFO:Browser launched
2023-08-06 13:35:20,693  INFO:Opened the website
2023-08-06 13:35:23,185  INFO:Incorrect mobile number/e-mail ID
2023-08-06 13:35:25,246  INFO:Browser launched
2023-08-06 13:35:27,424  INFO:Opened the website
2023-08-06 13:35:45,625  INFO:Incorrect password
2023-08-06 13:35:47,627  INFO:Browser launched
2023-08-06 13:35:50,449  INFO:Opened the website
2023-08-06 13:39:31,811  INFO:Browser launched
2023-08-06 13:39:34,580  INFO:Opened the website
2023-08-06 13:39:59,793  INFO:Browser launched
2023-08-06 13:40:04,102  INFO:Opened the website
2023-08-06 13:40:06,676  INFO:Incorrect mobile number/e-mail ID
2023-08-06 13:40:09,046  INFO:Browser launched
2023-08-06 13:40:11,584  INFO:Opened the website
2023-08-06 13:40:30,203  INFO:Incorrect password
2023-08-06 13:40:32,565  INFO:Browser launched
2023-08-06 13:40:35,936  INFO:Opened the website
2023-08-06 13:40:53,537  ERROR:Username validation failed.
2023-08-06 13:41:05,544  INFO:Browser launched
2023-08-06 13:41:09,830  INFO:Opened the website
2023-08-06 13:42:18,251  INFO:Browser launched
2023-08-06 13:42:22,579  INFO:Opened the website
2023-08-06 13:42:25,282  INFO:Incorrect mobile number/e-mail ID
2023-08-06 13:42:27,716  INFO:Browser launched
2023-08-06 13:42:30,762  INFO:Opened the website
2023-08-06 13:42:49,825  INFO:Incorrect password
2023-08-06 13:42:52,384  INFO:Browser launched
2023-08-06 13:42:56,116  INFO:Opened the website
2023-08-06 13:43:14,019  ERROR:Username validation failed.
2023-08-06 13:43:27,497  INFO:Browser launched
2023-08-06 13:43:31,789  INFO:Opened the website
2023-08-06 13:43:50,439  INFO:Logged in successfully!
2023-08-06 13:43:50,602  INFO:Searched for the product
2023-08-06 13:43:52,081  INFO:Clicked on search button
2023-08-06 13:43:59,814  INFO:Product not found
2023-08-06 13:44:04,463  INFO:Couldn't locate the product
2023-08-06 13:44:09,481  ERROR:Couldn't open new tab
2023-08-06 13:44:14,171  INFO:Browser launched
2023-08-06 13:44:17,807  INFO:Opened the website
2023-08-06 13:44:35,669  INFO:Logged in successfully!
2023-08-06 13:44:35,859  INFO:Searched for the product
2023-08-06 13:44:40,186  INFO:Clicked on search button
2023-08-06 13:44:43,323  ERROR:Error occurred
2023-08-06 13:44:51,162  INFO:Opened the product on a new tab
2023-08-06 13:44:59,763  INFO:Couldn't get availability details
2023-08-06 13:44:59,835  INFO:Fetched product description
2023-08-06 13:45:10,107  INFO:Added product to cart
2023-08-06 13:45:25,732  INFO:Displayed offers
2023-08-06 13:45:25,742  INFO:Navigated to review section
2023-08-06 13:45:32,180  INFO:Opened reviews page
2023-08-06 13:45:43,707  INFO:E-mail sent!
2023-08-06 14:15:54,729  INFO:Browser launched
2023-08-06 14:15:57,061  INFO:Opened the website
2023-08-06 14:15:59,482  INFO:Screenshot saved: D:\PES University\HPE Summer Project\latest\HPE-CCBD-Summer-Project\Automate add to cart\Screenshots\incorrect_phoneno.png
2023-08-06 14:15:59,651  INFO:Incorrect mobile number/e-mail ID
2023-08-06 14:16:18,756  INFO:Browser launched
2023-08-06 14:16:21,905  INFO:Opened the website
2023-08-06 14:16:23,914  INFO:Screenshot saved: D:\PES University\HPE Summer Project\latest\HPE-CCBD-Summer-Project\Automate add to cart\Screenshots\incorrect_phoneno.png
2023-08-06 14:16:24,091  INFO:Incorrect mobile number/e-mail ID
2023-08-06 14:20:50,097  INFO:Browser launched
2023-08-06 14:20:52,658  INFO:Opened the website
2023-08-06 14:20:54,563  INFO:Screenshot saved: D:\PES University\HPE Summer Project\latest\HPE-CCBD-Summer-Project\Automate add to cart\Screenshots\incorrect_phoneno.png
2023-08-06 14:20:54,968  INFO:Incorrect mobile number/e-mail ID
2023-08-06 14:23:59,267  INFO:Browser launched
2023-08-06 14:24:01,433  INFO:Opened the website
2023-08-06 14:24:03,928  INFO:Screenshot saved: D:\PES University\HPE Summer Project\latest\HPE-CCBD-Summer-Project\Automate add to cart\Screenshots\incorrect_phoneno.png
2023-08-06 14:24:04,100  INFO:Incorrect mobile number/e-mail ID
2023-08-06 14:24:06,114  INFO:Browser launched
2023-08-06 14:24:10,427  INFO:Opened the website
2023-08-06 14:24:28,540  INFO:Incorrect password
2023-08-06 14:24:30,601  INFO:Browser launched
2023-08-06 14:24:37,240  INFO:Opened the website
2023-08-06 14:24:54,433  ERROR:Username validation failed.
2023-08-06 14:25:07,063  INFO:Browser launched
2023-08-06 14:25:09,474  INFO:Opened the website
2023-08-06 14:25:26,957  INFO:Logged in successfully!
2023-08-06 14:25:27,092  INFO:Searched for the product
2023-08-06 14:25:28,234  INFO:Clicked on search button
2023-08-06 14:25:31,666  INFO:Product not found
2023-08-06 14:25:36,169  INFO:Couldn't locate the product
2023-08-06 14:25:41,186  ERROR:Couldn't open new tab
2023-08-06 14:25:45,503  INFO:Browser launched
2023-08-06 14:25:48,784  INFO:Opened the website
2023-08-06 14:26:06,395  INFO:Logged in successfully!
2023-08-06 14:26:06,548  INFO:Searched for the product
2023-08-06 14:26:08,605  INFO:Clicked on search button
2023-08-06 14:26:11,733  ERROR:Error occurred
2023-08-06 14:26:17,468  INFO:Opened the product on a new tab
2023-08-06 14:26:43,902  INFO:Couldn't get availability details
2023-08-06 14:26:43,948  INFO:Fetched product description
2023-08-06 14:26:54,278  INFO:Added product to cart
2023-08-06 19:56:23,663  INFO:Browser launched
2023-08-06 19:56:28,942  INFO:Opened the website
2023-08-06 19:56:31,104  INFO:Screenshot saved: D:\PES University\HPE Summer Project\latest\HPE-CCBD-Summer-Project\Automate add to cart\Screenshots\incorrect_phoneno.png
2023-08-06 19:56:31,284  INFO:Incorrect mobile number/e-mail ID
2023-08-06 19:56:33,414  INFO:Browser launched
2023-08-06 19:56:38,453  INFO:Opened the website
2023-08-06 19:56:57,618  INFO:Incorrect password
2023-08-06 19:56:59,685  INFO:Browser launched
2023-08-06 19:57:02,766  INFO:Opened the website
2023-08-06 19:57:19,756  ERROR:Username validation failed.
2023-08-06 19:57:32,408  INFO:Browser launched
2023-08-06 19:57:35,075  INFO:Opened the website
2023-08-06 19:57:51,937  INFO:Logged in successfully!
2023-08-06 19:57:52,080  INFO:Searched for the product
2023-08-06 19:57:53,272  INFO:Clicked on search button
2023-08-06 19:57:56,674  INFO:Product not found
2023-08-06 19:58:01,198  INFO:Couldn't locate the product
2023-08-06 19:58:06,216  ERROR:Couldn't open new tab
2023-08-06 19:58:10,337  INFO:Browser launched
2023-08-06 19:58:13,868  INFO:Opened the website
2023-08-06 19:58:31,078  INFO:Logged in successfully!
2023-08-06 19:58:31,221  INFO:Searched for the product
2023-08-06 19:58:34,658  INFO:Clicked on search button
2023-08-06 19:58:37,765  ERROR:Error occurred
2023-08-06 19:58:44,656  INFO:Opened the product on a new tab
2023-08-06 19:59:02,808  INFO:Couldn't get availability details
2023-08-06 19:59:02,840  INFO:Fetched product description
2023-08-06 19:59:13,051  INFO:Added product to cart
2023-08-06 19:59:28,522  INFO:Displayed offers
2023-08-06 19:59:28,530  INFO:Navigated to review section
2023-08-06 19:59:34,767  INFO:Opened reviews page
2023-08-06 19:59:46,439  INFO:E-mail sent!
2023-08-07 15:16:02,808  WARNING:Error getting version of chromedriver 115. Retrying with chromedriver 114 (attempt 1/5)
2023-08-07 15:16:04,727  INFO:Browser launched
2023-08-07 15:16:05,133  ERROR:Unable to open website
2023-08-07 16:40:18,907  INFO:Browser launched
2023-08-07 16:40:37,116  INFO:Opened the website
2023-08-07 16:40:42,339  INFO:Screenshot saved: D:\PES University\HPE Summer Project\latest\HPE-CCBD-Summer-Project\Automate add to cart\Screenshots\incorrect_phoneno.png
2023-08-07 16:40:42,511  INFO:Incorrect mobile number/e-mail ID
2023-08-07 16:40:44,558  INFO:Browser launched
2023-08-07 16:40:58,634  INFO:Opened the website
2023-08-07 16:41:19,900  INFO:Incorrect password
2023-08-07 16:41:21,907  INFO:Browser launched
2023-08-07 16:41:34,924  INFO:Opened the website
2023-08-07 16:42:05,643  ERROR:Username validation failed.
2023-08-07 16:42:11,332  INFO:Browser launched
2023-08-07 16:42:27,199  INFO:Opened the website
2023-08-07 16:42:49,143  INFO:Logged in successfully!
2023-08-07 16:42:49,273  INFO:Searched for the product
2023-08-07 16:42:54,210  INFO:Clicked on search button
2023-08-07 16:42:59,632  INFO:Product not found
2023-08-07 16:43:04,154  INFO:Couldn't locate the product
2023-08-07 16:43:09,167  ERROR:Couldn't open new tab
2023-08-07 16:43:14,272  INFO:Browser launched
2023-08-07 16:43:32,708  INFO:Opened the website
2023-08-07 16:44:12,629  INFO:Logged in successfully!
2023-08-07 16:44:12,783  INFO:Searched for the product
2023-08-07 16:44:26,598  INFO:Clicked on search button
2023-08-07 16:44:29,733  ERROR:Error occurred
2023-08-07 16:44:35,009  INFO:Opened the product on a new tab
2023-08-07 16:45:43,475  INFO:Located price.
2023-08-07 16:45:43,548  INFO:Fetched product description
2023-08-07 16:45:53,731  INFO:Added product to cart
2023-08-07 16:47:27,354  INFO:Browser launched
2023-08-07 16:47:41,159  INFO:Opened the website
2023-08-07 16:48:02,005  INFO:Logged in successfully!
2023-08-07 16:48:02,164  INFO:Searched for the product
2023-08-07 16:48:08,843  INFO:Clicked on search button
2023-08-07 16:48:12,004  ERROR:Error occurred
2023-08-07 16:48:17,270  INFO:Opened the product on a new tab
2023-08-07 16:49:23,591  INFO:Couldn't get availability details
2023-08-07 16:49:23,616  INFO:Fetched product description
2023-08-07 16:49:34,046  INFO:Added product to cart
2023-08-07 16:49:49,725  INFO:Displayed offers
2023-08-07 16:49:49,739  INFO:Navigated to review section
2023-08-07 16:49:57,916  INFO:Opened reviews page
2023-08-07 16:50:09,459  INFO:E-mail sent!
2023-08-07 17:38:03,266  INFO:Browser launched
2023-08-07 17:38:18,088  INFO:Opened the website
2023-08-07 17:38:21,065  INFO:Screenshot saved: D:\PES University\HPE Summer Project\latest\HPE-CCBD-Summer-Project\Automate add to cart\Screenshots\incorrect_phoneno.png
2023-08-07 17:38:21,242  INFO:Incorrect mobile number/e-mail ID
2023-08-07 17:38:23,375  INFO:Browser launched
2023-08-07 17:38:27,776  INFO:Opened the website
2023-08-07 17:38:46,488  INFO:Incorrect password
2023-08-07 17:38:48,549  INFO:Browser launched
2023-08-07 17:38:58,633  INFO:Opened the website
2023-08-07 17:39:16,329  ERROR:Username validation failed.
2023-08-07 17:39:28,359  INFO:Browser launched
2023-08-07 17:39:35,848  INFO:Opened the website
2023-08-07 17:39:54,812  INFO:Logged in successfully!
2023-08-07 17:39:54,963  INFO:Searched for the product
2023-08-07 17:39:56,342  INFO:Clicked on search button
2023-08-07 17:39:59,736  INFO:Product not found
2023-08-07 17:40:00,082  INFO:Couldn't locate the product
2023-08-07 17:40:05,097  ERROR:Couldn't open new tab
2023-08-07 17:40:09,334  INFO:Browser launched
2023-08-07 17:40:14,351  INFO:Opened the website
2023-08-07 17:40:32,184  INFO:Logged in successfully!
2023-08-07 17:40:32,340  INFO:Searched for the product
2023-08-07 17:40:34,689  INFO:Clicked on search button
2023-08-07 17:40:37,832  ERROR:Error occurred
2023-08-07 17:40:43,888  INFO:Opened the product on a new tab
2023-08-07 17:41:38,326  INFO:Couldn't get availability details
2023-08-07 17:41:38,362  INFO:Fetched product description
2023-08-07 17:41:48,681  INFO:Added product to cart
2023-08-07 17:42:04,283  INFO:Displayed offers
2023-08-07 17:42:04,295  INFO:Navigated to review section
2023-08-07 17:42:10,891  INFO:Opened reviews page
2023-08-07 17:42:22,347  INFO:E-mail sent!
